2020-01-15T20:10:04.238-0800 [main] Starting OrderConsumerApplication on C02PW5F0G8WP with PID 42411 (/Users/nchapa/Documents/Test/order-consumer/target/classes started by nchapa in /Users/nchapa/Documents/Test/order-consumer)
2020-01-15T20:10:04.240-0800 [main] No active profile set, falling back to default profiles: default
2020-01-15T20:10:04.513-0800 [background-preinit] HV000001: Hibernate Validator 5.2.4.Final
2020-01-15T20:10:06.832-0800 [main] Started OrderConsumerApplication in 2.92 seconds (JVM running for 5.854)
2020-01-15T20:10:54.896-0800 [Timer-6] Driver picked up order: Order: [name: Cheese, temp: cold, shelfLife: 255.0, decayRate: 0.2 ]
2020-01-15T20:10:55.909-0800 [Timer-3] Driver picked up order: Order: [name: Kombucha, temp: cold, shelfLife: 246.0, decayRate: 0.19 ]
2020-01-15T20:10:56.906-0800 [Timer-1] Driver picked up order: Order: [name: Mac & Cheese, temp: hot, shelfLife: 205.0, decayRate: 0.51 ]
2020-01-15T20:10:57.011-0800 [Timer-8] Driver picked up order: Order: [name: Ice Cream Sandwich, temp: frozen, shelfLife: 250.0, decayRate: 0.5 ]
2020-01-15T20:10:58.884-0800 [Timer-22] Driver picked up order: Order: [name: Beef Stew, temp: hot, shelfLife: 206.0, decayRate: 0.69 ]
2020-01-15T20:10:58.896-0800 [Timer-19] Driver picked up order: Order: [name: Orange Sorbet, temp: frozen, shelfLife: 165.0, decayRate: 0.65 ]
2020-01-15T20:10:59.009-0800 [Timer-7] Driver picked up order: Order: [name: Orange Sorbet, temp: frozen, shelfLife: 165.0, decayRate: 0.65 ]
2020-01-15T20:10:59.030-0800 [Timer-21] Driver picked up order: Order: [name: Cranberry Salad, temp: cold, shelfLife: 245.0, decayRate: 0.21 ]
2020-01-15T20:10:59.906-0800 [Timer-2] Driver picked up order: Order: [name: Beef Stew, temp: hot, shelfLife: 206.0, decayRate: 0.69 ]
2020-01-15T20:11:00.005-0800 [Timer-4] Driver picked up order: Order: [name: Carne Asada, temp: hot, shelfLife: 222.0, decayRate: 0.71 ]
2020-01-15T20:11:00.025-0800 [Timer-18] Driver picked up order: Order: [name: Popsicle, temp: frozen, shelfLife: 345.0, decayRate: 0.75 ]
2020-01-15T20:11:01.008-0800 [Timer-5] Driver picked up order: Order: [name: Sushi, temp: cold, shelfLife: 251.0, decayRate: 0.25 ]
2020-01-15T20:11:01.022-0800 [Timer-24] Driver picked up order: Order: [name: Cottage Cheese, temp: cold, shelfLife: 251.0, decayRate: 0.22 ]
2020-01-15T20:11:01.022-0800 [Timer-25] Driver picked up order: Order: [name: French Fries, temp: hot, shelfLife: 220.0, decayRate: 0.67 ]
2020-01-15T20:11:01.895-0800 [Timer-13] Driver picked up order: Order: [name: Pork Chop, temp: hot, shelfLife: 200.0, decayRate: 0.7 ]
2020-01-15T20:11:01.895-0800 [Timer-16] Driver picked up order: Order: [name: Fresh Bread, temp: hot, shelfLife: 201.0, decayRate: 0.9 ]
2020-01-15T20:11:01.905-0800 [Timer-0] Driver picked up order: Order: [name: Frosty, temp: frozen, shelfLife: 135.0, decayRate: 0.52 ]
2020-01-15T20:11:02.013-0800 [Timer-12] Driver picked up order: Order: [name: Carne Asada, temp: hot, shelfLife: 222.0, decayRate: 0.71 ]
2020-01-15T20:11:02.022-0800 [Timer-28] Driver picked up order: Order: [name: Pork Chop, temp: hot, shelfLife: 200.0, decayRate: 0.7 ]
2020-01-15T20:11:02.023-0800 [Timer-17] Driver picked up order: Order: [name: Ice, temp: frozen, shelfLife: 100.0, decayRate: 0.9 ]
2020-01-15T20:11:02.891-0800 [Timer-9] Driver picked up order: Order: [name: Strawberries, temp: frozen, shelfLife: 500.0, decayRate: 0.05 ]
2020-01-15T20:11:02.894-0800 [Timer-23] Driver picked up order: Order: [name: Strawberries, temp: frozen, shelfLife: 500.0, decayRate: 0.05 ]
2020-01-15T20:11:02.894-0800 [Timer-10] Driver picked up order: Order: [name: Pork Chop, temp: hot, shelfLife: 200.0, decayRate: 0.7 ]
2020-01-15T20:11:03.009-0800 [Timer-11] Driver picked up order: Order: [name: Acai Bowl, temp: cold, shelfLife: 249.0, decayRate: 0.3 ]
2020-01-15T20:11:03.022-0800 [Timer-27] Driver picked up order: Order: [name: Grilled Corn Salad, temp: cold, shelfLife: 305.0, decayRate: 0.1 ]
2020-01-15T20:11:03.028-0800 [Timer-34] Driver picked up order: Order: [name: Pot Stickers, temp: hot, shelfLife: 204.0, decayRate: 0.73 ]
2020-01-15T20:11:03.047-0800 [Timer-37] Driver picked up order: Order: [name: Banana Split, temp: frozen, shelfLife: 20.0, decayRate: 0.63 ]
2020-01-15T20:11:03.903-0800 [Timer-32] Driver picked up order: Order: [name: Hamburger, temp: hot, shelfLife: 200.0, decayRate: 0.63 ]
2020-01-15T20:11:04.029-0800 [Timer-40] Driver picked up order: Order: [name: Mint Chocolate Ice Cream, temp: frozen, shelfLife: 290.0, decayRate: 0.5 ]
2020-01-15T20:11:04.029-0800 [Timer-20] Driver picked up order: Order: [name: Carne Asada, temp: hot, shelfLife: 222.0, decayRate: 0.71 ]
2020-01-15T20:11:04.878-0800 [Timer-35] Driver picked up order: Order: [name: Icy, temp: frozen, shelfLife: 230.0, decayRate: 0.6 ]
2020-01-15T20:11:04.913-0800 [Timer-39] Driver picked up order: Order: [name: Strawberries, temp: frozen, shelfLife: 500.0, decayRate: 0.05 ]
2020-01-15T20:11:05.021-0800 [Timer-14] Driver picked up order: Order: [name: Fresh Fruit, temp: cold, shelfLife: 252.0, decayRate: 0.29 ]
2020-01-15T20:11:05.031-0800 [Timer-15] Driver picked up order: Order: [name: Ice, temp: frozen, shelfLife: 100.0, decayRate: 0.9 ]
2020-01-15T20:11:06.022-0800 [Timer-31] Driver picked up order: Order: [name: Fresh Bread, temp: hot, shelfLife: 201.0, decayRate: 0.9 ]
2020-01-15T20:11:07.025-0800 [Timer-30] Driver picked up order: Order: [name: Vanilla Ice Cream, temp: frozen, shelfLife: 310.0, decayRate: 0.35 ]
2020-01-15T20:11:07.030-0800 [Timer-50] Driver picked up order: Order: [name: Mac & Cheese, temp: hot, shelfLife: 205.0, decayRate: 0.51 ]
2020-01-15T20:11:07.033-0800 [Timer-38] Driver picked up order: Order: [name: Pork Chop, temp: hot, shelfLife: 200.0, decayRate: 0.7 ]
2020-01-15T20:11:07.878-0800 [Timer-48] Driver picked up order: Order: [name: Milk, temp: cold, shelfLife: 252.0, decayRate: 0.15 ]
2020-01-15T20:11:08.902-0800 [Timer-29] Driver picked up order: Order: [name: Coconut, temp: cold, shelfLife: 254.0, decayRate: 0.22 ]
2020-01-15T20:11:08.911-0800 [Timer-45] Driver picked up order: Order: [name: Cobb Salad, temp: cold, shelfLife: 269.0, decayRate: 0.19 ]
2020-01-15T20:11:09.043-0800 [Timer-57] Driver picked up order: Order: [name: Chocolate Gelato, temp: frozen, shelfLife: 300.0, decayRate: 0.61 ]
2020-01-15T20:11:09.896-0800 [Timer-26] Driver picked up order: Order: [name: Arugula, temp: cold, shelfLife: 251.0, decayRate: 0.27 ]
2020-01-15T20:11:10.023-0800 [Timer-43] Driver picked up order: Order: [name: Acai Bowl, temp: cold, shelfLife: 249.0, decayRate: 0.3 ]
2020-01-15T20:11:10.879-0800 [Timer-61] Driver picked up order: Order: [name: Strawberries, temp: frozen, shelfLife: 500.0, decayRate: 0.05 ]
2020-01-15T20:11:10.907-0800 [Timer-36] Driver picked up order: Order: [name: Chicken Nuggets, temp: hot, shelfLife: 205.0, decayRate: 0.71 ]
2020-01-15T20:11:11.040-0800 [Timer-54] Driver picked up order: Order: [name: Sushi, temp: cold, shelfLife: 251.0, decayRate: 0.25 ]
2020-01-15T20:11:11.914-0800 [Timer-52] Driver picked up order: Order: [name: McFlury, temp: frozen, shelfLife: 375.0, decayRate: 0.4 ]
2020-01-15T20:11:12.029-0800 [Timer-33] Driver picked up order: Order: [name: Coke, temp: cold, shelfLife: 240.0, decayRate: 0.25 ]
2020-01-15T20:11:12.029-0800 [Timer-47] Driver picked up order: Order: [name: Ice, temp: frozen, shelfLife: 100.0, decayRate: 0.9 ]
2020-01-15T20:11:12.921-0800 [Timer-55] Driver picked up order: Order: [name: Pot Stickers, temp: hot, shelfLife: 204.0, decayRate: 0.73 ]
2020-01-15T20:11:13.034-0800 [Timer-51] Driver picked up order: Order: [name: Mac & Cheese, temp: hot, shelfLife: 205.0, decayRate: 0.51 ]
2020-01-15T20:11:13.041-0800 [Timer-63] Driver picked up order: Order: [name: Orange Chicken, temp: hot, shelfLife: 215.0, decayRate: 0.67 ]
2020-01-15T20:11:13.043-0800 [Timer-59] Driver picked up order: Order: [name: Cheese, temp: cold, shelfLife: 255.0, decayRate: 0.2 ]
2020-01-15T20:11:13.914-0800 [Timer-42] Driver picked up order: Order: [name: Cottage Cheese, temp: cold, shelfLife: 251.0, decayRate: 0.22 ]
2020-01-15T20:11:14.027-0800 [Timer-44] Driver picked up order: Order: [name: Sushi, temp: cold, shelfLife: 251.0, decayRate: 0.25 ]
2020-01-15T20:11:14.030-0800 [Timer-41] Driver picked up order: Order: [name: Hamburger, temp: hot, shelfLife: 200.0, decayRate: 0.63 ]
2020-01-15T20:11:14.039-0800 [Timer-53] Driver picked up order: Order: [name: Pasta, temp: hot, shelfLife: 200.0, decayRate: 0.7 ]
2020-01-15T20:11:14.051-0800 [Timer-73] Driver picked up order: Order: [name: Push Pop, temp: frozen, shelfLife: 220.0, decayRate: 0.5 ]
2020-01-15T20:11:15.029-0800 [Timer-46] Driver picked up order: Order: [name: Burrito, temp: hot, shelfLife: 202.0, decayRate: 0.72 ]
2020-01-15T20:11:15.048-0800 [Timer-60] Driver picked up order: Order: [name: Kombucha, temp: cold, shelfLife: 246.0, decayRate: 0.19 ]
2020-01-15T20:11:15.050-0800 [Timer-64] Driver picked up order: Order: [name: Cookie Dough, temp: frozen, shelfLife: 600.0, decayRate: 0.15 ]
2020-01-15T20:11:15.057-0800 [Timer-70] Driver picked up order: Order: [name: Pad See Ew, temp: hot, shelfLife: 210.0, decayRate: 0.72 ]
2020-01-15T20:11:15.886-0800 [Timer-74] Driver picked up order: Order: [name: Popsicle, temp: frozen, shelfLife: 345.0, decayRate: 0.75 ]
2020-01-15T20:11:15.925-0800 [Timer-62] Driver picked up order: Order: [name: Carne Asada, temp: hot, shelfLife: 222.0, decayRate: 0.71 ]
2020-01-15T20:11:15.931-0800 [Timer-71] Driver picked up order: Order: [name: French Fries, temp: hot, shelfLife: 220.0, decayRate: 0.67 ]
2020-01-15T20:11:16.054-0800 [Timer-69] Driver picked up order: Order: [name: Brown Rice, temp: hot, shelfLife: 224.0, decayRate: 0.64 ]
2020-01-15T20:11:16.914-0800 [Timer-49] Driver picked up order: Order: [name: Taco, temp: hot, shelfLife: 198.0, decayRate: 0.38 ]
2020-01-15T20:11:17.041-0800 [Timer-56] Driver picked up order: Order: [name: Orange Sorbet, temp: frozen, shelfLife: 165.0, decayRate: 0.65 ]
2020-01-15T20:11:17.050-0800 [Timer-67] Driver picked up order: Order: [name: Strawberries, temp: frozen, shelfLife: 500.0, decayRate: 0.05 ]
2020-01-15T20:11:17.054-0800 [Timer-79] Driver picked up order: Order: [name: Mint Chocolate Ice Cream, temp: frozen, shelfLife: 290.0, decayRate: 0.5 ]
2020-01-15T20:11:17.074-0800 [Timer-83] Driver picked up order: Order: [name: Kale Salad, temp: cold, shelfLife: 250.0, decayRate: 0.25 ]
2020-01-15T20:11:18.047-0800 [Timer-66] Driver picked up order: Order: [name: Ice, temp: frozen, shelfLife: 100.0, decayRate: 0.9 ]
2020-01-15T20:11:18.921-0800 [Timer-58] Driver picked up order: Order: [name: Push Pop, temp: frozen, shelfLife: 220.0, decayRate: 0.5 ]
2020-01-15T20:11:18.940-0800 [Timer-84] Driver picked up order: Order: [name: Pastrami Sandwich, temp: hot, shelfLife: 190.0, decayRate: 0.8 ]
2020-01-15T20:11:19.056-0800 [Timer-72] Driver picked up order: Order: [name: Milk, temp: cold, shelfLife: 252.0, decayRate: 0.15 ]
2020-01-15T20:11:19.056-0800 [Timer-77] Driver picked up order: Order: [name: Coke, temp: cold, shelfLife: 240.0, decayRate: 0.25 ]
2020-01-15T20:13:32.651-0800 [main] Starting OrderConsumerApplication on C02PW5F0G8WP with PID 42559 (/Users/nchapa/Documents/Test/order-consumer/target/classes started by nchapa in /Users/nchapa/Documents/Test/order-consumer)
2020-01-15T20:13:32.655-0800 [main] No active profile set, falling back to default profiles: default
2020-01-15T20:13:32.846-0800 [background-preinit] HV000001: Hibernate Validator 5.2.4.Final
2020-01-15T20:13:35.684-0800 [main] Started OrderConsumerApplication in 3.534 seconds (JVM running for 6.984)
2020-01-15T20:13:43.400-0800 [Timer-2] Driver picked up order: Order: [name: Kale Salad, temp: cold, shelfLife: 250.0, decayRate: 0.25 ]
2020-01-15T20:13:43.448-0800 [Timer-3] Driver picked up order: Order: [name: Kombucha, temp: cold, shelfLife: 246.0, decayRate: 0.19 ]
2020-01-15T20:13:45.591-0800 [Timer-5] Driver picked up order: Order: [name: Taco, temp: hot, shelfLife: 198.0, decayRate: 0.38 ]
2020-01-15T20:13:45.592-0800 [Timer-12] Driver picked up order: Order: [name: Chicken Nuggets, temp: hot, shelfLife: 205.0, decayRate: 0.71 ]
2020-01-15T20:13:47.455-0800 [Timer-16] Driver picked up order: Order: [name: Ice, temp: frozen, shelfLife: 100.0, decayRate: 0.9 ]
2020-01-15T20:13:47.596-0800 [Timer-17] Driver picked up order: Order: [name: Brown Rice, temp: hot, shelfLife: 224.0, decayRate: 0.64 ]
2020-01-15T20:13:47.596-0800 [Timer-15] Driver picked up order: Order: [name: McFlury, temp: frozen, shelfLife: 375.0, decayRate: 0.4 ]
2020-01-15T20:13:49.465-0800 [Timer-10] Driver picked up order: Order: [name: Orange Sorbet, temp: frozen, shelfLife: 165.0, decayRate: 0.65 ]
2020-01-15T20:13:49.589-0800 [Timer-4] Driver picked up order: Order: [name: French Fries, temp: hot, shelfLife: 220.0, decayRate: 0.67 ]
2020-01-15T20:13:49.592-0800 [Timer-11] Driver picked up order: Order: [name: Brown Rice, temp: hot, shelfLife: 224.0, decayRate: 0.64 ]
2020-01-15T20:13:49.603-0800 [Timer-25] Driver picked up order: Order: [name: Orange Sorbet, temp: frozen, shelfLife: 165.0, decayRate: 0.65 ]
2020-01-15T20:13:50.400-0800 [Timer-1] Driver picked up order: Order: [name: Pastrami Sandwich, temp: hot, shelfLife: 190.0, decayRate: 0.8 ]
2020-01-15T20:13:50.452-0800 [Timer-23] Driver picked up order: Order: [name: Orange Chicken, temp: hot, shelfLife: 215.0, decayRate: 0.67 ]
2020-01-15T20:13:51.457-0800 [Timer-19] Driver picked up order: Order: [name: Fresh Fruit, temp: cold, shelfLife: 252.0, decayRate: 0.29 ]
2020-01-15T20:13:52.398-0800 [Timer-0] Driver picked up order: Order: [name: Grilled Corn Salad, temp: cold, shelfLife: 305.0, decayRate: 0.1 ]
2020-01-15T20:13:52.451-0800 [Timer-9] Driver picked up order: Order: [name: Strawberries, temp: frozen, shelfLife: 500.0, decayRate: 0.05 ]
2020-01-15T20:13:52.600-0800 [Timer-27] Driver picked up order: Order: [name: Coconut, temp: cold, shelfLife: 254.0, decayRate: 0.22 ]
2020-01-15T20:13:52.608-0800 [Timer-20] Driver picked up order: Order: [name: Fresh Fruit, temp: cold, shelfLife: 252.0, decayRate: 0.29 ]
2020-01-15T20:13:52.609-0800 [Timer-31] Driver picked up order: Order: [name: Kombucha, temp: cold, shelfLife: 246.0, decayRate: 0.19 ]
2020-01-15T20:13:53.453-0800 [Timer-6] Driver picked up order: Order: [name: Pad See Ew, temp: hot, shelfLife: 210.0, decayRate: 0.72 ]
2020-01-15T20:13:53.455-0800 [Timer-26] Driver picked up order: Order: [name: Onion Rings, temp: hot, shelfLife: 201.0, decayRate: 0.7 ]
2020-01-15T20:13:53.596-0800 [Timer-18] Driver picked up order: Order: [name: Snow Cone, temp: frozen, shelfLife: 50.0, decayRate: 0.86 ]
2020-01-15T20:13:54.589-0800 [Timer-7] Driver picked up order: Order: [name: Grilled Corn Salad, temp: cold, shelfLife: 305.0, decayRate: 0.1 ]
2020-01-15T20:13:54.590-0800 [Timer-8] Driver picked up order: Order: [name: Popsicle, temp: frozen, shelfLife: 345.0, decayRate: 0.75 ]
2020-01-15T20:13:55.434-0800 [Timer-35] Driver picked up order: Order: [name: Tomato Soup, temp: hot, shelfLife: 243.0, decayRate: 0.71 ]
2020-01-15T20:13:55.437-0800 [Timer-22] Driver picked up order: Order: [name: Fresh Fruit, temp: cold, shelfLife: 252.0, decayRate: 0.29 ]
2020-01-15T20:13:55.453-0800 [Timer-13] Driver picked up order: Order: [name: Sherbet, temp: frozen, shelfLife: 175.0, decayRate: 0.6 ]
2020-01-15T20:13:55.471-0800 [Timer-42] Driver picked up order: Order: [name: Strawberyy Banana Split, temp: frozen, shelfLife: 24.0, decayRate: 0.6 ]
2020-01-15T20:13:55.598-0800 [Timer-14] Driver picked up order: Order: [name: Coke, temp: cold, shelfLife: 240.0, decayRate: 0.25 ]
2020-01-15T20:13:55.607-0800 [Timer-21] Driver picked up order: Order: [name: Kombucha, temp: cold, shelfLife: 246.0, decayRate: 0.19 ]
2020-01-15T20:13:55.608-0800 [Timer-37] Driver picked up order: Order: [name: Cheese, temp: cold, shelfLife: 255.0, decayRate: 0.2 ]
2020-01-15T20:13:56.600-0800 [Timer-24] Driver picked up order: Order: [name: Cookie Dough, temp: frozen, shelfLife: 600.0, decayRate: 0.15 ]
2020-01-15T20:13:56.603-0800 [Timer-34] Driver picked up order: Order: [name: Chicken Nuggets, temp: hot, shelfLife: 205.0, decayRate: 0.71 ]
2020-01-15T20:13:56.610-0800 [Timer-43] Driver picked up order: Order: [name: Grilled Corn Salad, temp: cold, shelfLife: 305.0, decayRate: 0.1 ]
2020-01-15T20:13:57.458-0800 [Timer-36] Driver picked up order: Order: [name: Mac & Cheese, temp: hot, shelfLife: 205.0, decayRate: 0.51 ]
2020-01-15T20:13:58.464-0800 [Timer-32] Driver picked up order: Order: [name: Fresh Fruit, temp: cold, shelfLife: 252.0, decayRate: 0.29 ]
2020-01-15T20:13:58.604-0800 [Timer-33] Driver picked up order: Order: [name: Sushi, temp: cold, shelfLife: 251.0, decayRate: 0.25 ]
2020-01-15T20:13:58.613-0800 [Timer-46] Driver picked up order: Order: [name: Vegan Pizza, temp: hot, shelfLife: 200.0, decayRate: 0.7 ]
2020-01-15T20:13:59.605-0800 [Timer-40] Driver picked up order: Order: [name: Spinach Omelet, temp: hot, shelfLife: 230.0, decayRate: 0.63 ]
2020-01-15T20:14:00.597-0800 [Timer-28] Driver picked up order: Order: [name: Sushi, temp: cold, shelfLife: 251.0, decayRate: 0.25 ]
2020-01-15T20:14:00.609-0800 [Timer-30] Driver picked up order: Order: [name: Corn Dog, temp: hot, shelfLife: 203.0, decayRate: 0.3 ]
2020-01-15T20:14:00.617-0800 [Timer-57] Driver picked up order: Order: [name: Pad See Ew, temp: hot, shelfLife: 210.0, decayRate: 0.72 ]
2020-01-15T20:14:00.617-0800 [Timer-47] Driver picked up order: Order: [name: Ice Cream Sandwich, temp: frozen, shelfLife: 250.0, decayRate: 0.5 ]
2020-01-15T20:14:01.457-0800 [Timer-29] Driver picked up order: Order: [name: Fudge Ice Cream Cake, temp: frozen, shelfLife: 415.0, decayRate: 0.49 ]
2020-01-15T20:14:01.607-0800 [Timer-38] Driver picked up order: Order: [name: Orange Sorbet, temp: frozen, shelfLife: 165.0, decayRate: 0.65 ]
2020-01-15T20:14:02.607-0800 [Timer-41] Driver picked up order: Order: [name: Ice Cream Sandwich, temp: frozen, shelfLife: 250.0, decayRate: 0.5 ]
2020-01-15T20:14:02.609-0800 [Timer-44] Driver picked up order: Order: [name: Grilled Corn Salad, temp: cold, shelfLife: 305.0, decayRate: 0.1 ]
2020-01-15T20:14:02.622-0800 [Timer-51] Driver picked up order: Order: [name: Push Pop, temp: frozen, shelfLife: 220.0, decayRate: 0.5 ]
2020-01-15T20:14:02.632-0800 [Timer-60] Driver picked up order: Order: [name: Pickles, temp: cold, shelfLife: 259.0, decayRate: 0.29 ]
2020-01-15T20:14:03.435-0800 [Timer-48] Driver picked up order: Order: [name: Icy, temp: frozen, shelfLife: 230.0, decayRate: 0.6 ]
2020-01-15T20:14:03.615-0800 [Timer-56] Driver picked up order: Order: [name: Mac & Cheese, temp: hot, shelfLife: 205.0, decayRate: 0.51 ]
2020-01-15T20:14:03.624-0800 [Timer-50] Driver picked up order: Order: [name: Popsicle, temp: frozen, shelfLife: 345.0, decayRate: 0.75 ]
2020-01-15T20:14:04.458-0800 [Timer-39] Driver picked up order: Order: [name: Chocolate Gelato, temp: frozen, shelfLife: 300.0, decayRate: 0.61 ]
2020-01-15T20:14:04.471-0800 [Timer-45] Driver picked up order: Order: [name: Tomato Soup, temp: hot, shelfLife: 243.0, decayRate: 0.71 ]
2020-01-15T20:14:04.486-0800 [Timer-68] Driver picked up order: Order: [name: Cheese, temp: cold, shelfLife: 255.0, decayRate: 0.2 ]
2020-01-15T20:14:04.492-0800 [Timer-58] Driver picked up order: Order: [name: Orange Sorbet, temp: frozen, shelfLife: 165.0, decayRate: 0.65 ]
2020-01-15T20:14:05.481-0800 [Timer-52] Driver picked up order: Order: [name: Kombucha, temp: cold, shelfLife: 246.0, decayRate: 0.19 ]
2020-01-15T20:14:05.481-0800 [Timer-55] Driver picked up order: Order: [name: Popsicle, temp: frozen, shelfLife: 345.0, decayRate: 0.75 ]
2020-01-15T20:14:05.486-0800 [Timer-62] Driver picked up order: Order: [name: Kale Salad, temp: cold, shelfLife: 250.0, decayRate: 0.25 ]
2020-01-15T20:14:05.617-0800 [Timer-54] Driver picked up order: Order: [name: Sushi, temp: cold, shelfLife: 251.0, decayRate: 0.25 ]
2020-01-15T20:14:05.635-0800 [Timer-76] Driver picked up order: Order: [name: Mint Chocolate Ice Cream, temp: frozen, shelfLife: 290.0, decayRate: 0.5 ]
2020-01-15T20:14:06.470-0800 [Timer-49] Driver picked up order: Order: [name: Carne Asada, temp: hot, shelfLife: 222.0, decayRate: 0.71 ]
2020-01-15T20:14:06.515-0800 [Timer-75] Driver picked up order: Order: [name: Coconut, temp: cold, shelfLife: 254.0, decayRate: 0.22 ]
2020-01-15T20:14:06.615-0800 [Timer-53] Driver picked up order: Order: [name: Ice Cream Sandwich, temp: frozen, shelfLife: 250.0, decayRate: 0.5 ]
2020-01-15T20:14:06.623-0800 [Timer-69] Driver picked up order: Order: [name: Strawberries, temp: frozen, shelfLife: 500.0, decayRate: 0.05 ]
2020-01-15T20:14:06.625-0800 [Timer-66] Driver picked up order: Order: [name: MeatLoaf, temp: hot, shelfLife: 213.0, decayRate: 0.5 ]
2020-01-15T20:14:07.621-0800 [Timer-63] Driver picked up order: Order: [name: Burrito, temp: hot, shelfLife: 202.0, decayRate: 0.72 ]
2020-01-15T20:14:07.625-0800 [Timer-59] Driver picked up order: Order: [name: Icy, temp: frozen, shelfLife: 230.0, decayRate: 0.6 ]
2020-01-15T20:14:08.638-0800 [Timer-77] Driver picked up order: Order: [name: Cottage Cheese, temp: cold, shelfLife: 251.0, decayRate: 0.22 ]
2020-01-15T20:14:08.642-0800 [Timer-86] Driver picked up order: Order: [name: Yogurt, temp: cold, shelfLife: 263.0, decayRate: 0.37 ]
2020-01-15T20:14:09.446-0800 [Timer-87] Driver picked up order: Order: [name: Fresh Fruit, temp: cold, shelfLife: 252.0, decayRate: 0.29 ]
2020-01-15T20:14:09.491-0800 [Timer-78] Driver picked up order: Order: [name: Acai Bowl, temp: cold, shelfLife: 249.0, decayRate: 0.3 ]
2020-01-15T20:14:10.436-0800 [Timer-61] Driver picked up order: Order: [name: Taco, temp: hot, shelfLife: 198.0, decayRate: 0.38 ]
2020-01-15T20:14:10.488-0800 [Timer-65] Driver picked up order: Order: [name: Beef Hash, temp: hot, shelfLife: 30.0, decayRate: 0.74 ]
2020-01-15T20:14:10.622-0800 [Timer-72] Driver picked up order: Order: [name: Cheese, temp: cold, shelfLife: 255.0, decayRate: 0.2 ]
2020-01-15T20:14:10.626-0800 [Timer-67] Driver picked up order: Order: [name: Kombucha, temp: cold, shelfLife: 246.0, decayRate: 0.19 ]
2020-01-15T20:14:11.622-0800 [Timer-73] Driver picked up order: Order: [name: Arugula, temp: cold, shelfLife: 251.0, decayRate: 0.27 ]
2020-01-15T20:14:11.622-0800 [Timer-64] Driver picked up order: Order: [name: Icy, temp: frozen, shelfLife: 230.0, decayRate: 0.6 ]
2020-01-15T20:14:11.629-0800 [Timer-80] Driver picked up order: Order: [name: Cottage Cheese, temp: cold, shelfLife: 255.0, decayRate: 0.26 ]
2020-01-15T20:14:11.629-0800 [Timer-79] Driver picked up order: Order: [name: Tomato Soup, temp: hot, shelfLife: 243.0, decayRate: 0.71 ]
2020-01-15T20:14:11.634-0800 [Timer-93] Driver picked up order: Order: [name: Strawberries, temp: frozen, shelfLife: 500.0, decayRate: 0.05 ]
2020-01-15T20:14:11.656-0800 [Timer-83] Driver picked up order: Order: [name: Vegan Pizza, temp: hot, shelfLife: 200.0, decayRate: 0.7 ]
2020-01-15T20:14:12.496-0800 [Timer-71] Driver picked up order: Order: [name: Grilled Corn Salad, temp: cold, shelfLife: 305.0, decayRate: 0.1 ]
2020-01-15T20:14:12.631-0800 [Timer-90] Driver picked up order: Order: [name: Cranberry Salad, temp: cold, shelfLife: 245.0, decayRate: 0.21 ]
2020-01-15T20:14:13.491-0800 [Timer-81] Driver picked up order: Order: [name: Snow Cone, temp: frozen, shelfLife: 50.0, decayRate: 0.86 ]
2020-01-15T20:14:13.623-0800 [Timer-70] Driver picked up order: Order: [name: Cookie Dough, temp: frozen, shelfLife: 600.0, decayRate: 0.15 ]
2020-01-15T20:14:13.632-0800 [Timer-89] Driver picked up order: Order: [name: Carne Asada, temp: hot, shelfLife: 222.0, decayRate: 0.71 ]
2020-01-15T20:14:13.634-0800 [Timer-92] Driver picked up order: Order: [name: Cookie Dough, temp: frozen, shelfLife: 600.0, decayRate: 0.15 ]
2020-01-15T20:14:13.652-0800 [Timer-82] Driver picked up order: Order: [name: Mac & Cheese, temp: hot, shelfLife: 205.0, decayRate: 0.51 ]
2020-01-15T20:14:14.444-0800 [Timer-100] Driver picked up order: Order: [name: Mixed Greens, temp: cold, shelfLife: 252.0, decayRate: 0.26 ]
2020-01-15T20:14:14.496-0800 [Timer-88] Driver picked up order: Order: [name: Grilled Corn Salad, temp: cold, shelfLife: 305.0, decayRate: 0.1 ]
2020-01-15T20:14:14.496-0800 [Timer-91] Driver picked up order: Order: [name: Taco, temp: hot, shelfLife: 198.0, decayRate: 0.38 ]
2020-01-15T20:14:14.640-0800 [Timer-85] Driver picked up order: Order: [name: MeatLoaf, temp: hot, shelfLife: 213.0, decayRate: 0.5 ]
2020-01-15T20:14:14.640-0800 [Timer-96] Driver picked up order: Order: [name: Fudge Ice Cream Cake, temp: frozen, shelfLife: 415.0, decayRate: 0.49 ]
2020-01-15T20:14:14.641-0800 [Timer-103] Driver picked up order: Order: [name: Chunky Monkey, temp: frozen, shelfLife: 210.0, decayRate: 0.54 ]
2020-01-15T20:14:15.436-0800 [Timer-74] Driver picked up order: Order: [name: Beef Stew, temp: hot, shelfLife: 206.0, decayRate: 0.69 ]
2020-01-15T20:14:17.505-0800 [Timer-94] Driver picked up order: Order: [name: Pressed Juice, temp: cold, shelfLife: 250.0, decayRate: 0.2 ]
2020-01-15T20:14:17.641-0800 [Timer-102] Driver picked up order: Order: [name: Coconut, temp: cold, shelfLife: 254.0, decayRate: 0.22 ]
2020-01-15T20:14:18.491-0800 [Timer-84] Driver picked up order: Order: [name: Poppers, temp: hot, shelfLife: 204.0, decayRate: 0.78 ]
2020-01-15T20:14:18.642-0800 [Timer-106] Driver picked up order: Order: [name: Carne Asada, temp: hot, shelfLife: 222.0, decayRate: 0.71 ]
2020-01-15T20:14:18.647-0800 [Timer-109] Driver picked up order: Order: [name: Chicken, temp: hot, shelfLife: 201.0, decayRate: 0.74 ]
2020-01-15T20:14:19.503-0800 [Timer-97] Driver picked up order: Order: [name: Apples, temp: cold, shelfLife: 244.0, decayRate: 0.23 ]
2020-01-15T20:14:19.506-0800 [Timer-104] Driver picked up order: Order: [name: Pistachio Ice Cream, temp: frozen, shelfLife: 175.0, decayRate: 0.4 ]
2020-01-15T20:14:19.509-0800 [Timer-107] Driver picked up order: Order: [name: Frosty, temp: frozen, shelfLife: 135.0, decayRate: 0.52 ]
2020-01-15T20:14:19.647-0800 [Timer-108] Driver picked up order: Order: [name: Cookie Dough, temp: frozen, shelfLife: 600.0, decayRate: 0.15 ]
2020-01-15T20:14:19.662-0800 [Timer-121] Driver picked up order: Order: [name: Frosty, temp: frozen, shelfLife: 135.0, decayRate: 0.52 ]
2020-01-15T20:14:20.639-0800 [Timer-99] Driver picked up order: Order: [name: Frosty, temp: frozen, shelfLife: 135.0, decayRate: 0.52 ]
2020-01-15T20:14:20.652-0800 [Timer-116] Driver picked up order: Order: [name: Beef Stew, temp: hot, shelfLife: 206.0, decayRate: 0.69 ]
2020-01-15T20:14:20.652-0800 [Timer-115] Driver picked up order: Order: [name: Pastrami Sandwich, temp: hot, shelfLife: 190.0, decayRate: 0.8 ]
2020-01-15T20:14:20.652-0800 [Timer-111] Driver picked up order: Order: [name: McFlury, temp: frozen, shelfLife: 372.0, decayRate: 0.45 ]
2020-01-15T20:14:21.515-0800 [Timer-110] Driver picked up order: Order: [name: French Fries, temp: hot, shelfLife: 220.0, decayRate: 0.67 ]
2020-01-15T20:14:21.636-0800 [Timer-95] Driver picked up order: Order: [name: Taco, temp: hot, shelfLife: 198.0, decayRate: 0.38 ]
2020-01-15T20:14:21.636-0800 [Timer-98] Driver picked up order: Order: [name: Onion Rings, temp: hot, shelfLife: 201.0, decayRate: 0.7 ]
2020-01-15T20:14:21.658-0800 [Timer-119] Driver picked up order: Order: [name: Kombucha, temp: cold, shelfLife: 246.0, decayRate: 0.19 ]
2020-01-15T20:14:21.658-0800 [Timer-118] Driver picked up order: Order: [name: Chocolate Gelato, temp: frozen, shelfLife: 300.0, decayRate: 0.61 ]
2020-01-15T20:14:22.441-0800 [Timer-113] Driver picked up order: Order: [name: Burrito, temp: hot, shelfLife: 202.0, decayRate: 0.72 ]
2020-01-15T20:14:22.503-0800 [Timer-101] Driver picked up order: Order: [name: Poppers, temp: hot, shelfLife: 204.0, decayRate: 0.78 ]
2020-01-15T20:14:22.667-0800 [Timer-129] Driver picked up order: Order: [name: Popsicle, temp: frozen, shelfLife: 345.0, decayRate: 0.75 ]
2020-01-15T20:14:23.524-0800 [Timer-120] Driver picked up order: Order: [name: Cheese Pizza, temp: hot, shelfLife: 200.0, decayRate: 0.76 ]
2020-01-15T20:14:23.531-0800 [Timer-133] Driver picked up order: Order: [name: MeatLoaf, temp: hot, shelfLife: 213.0, decayRate: 0.5 ]
2020-01-15T20:14:23.643-0800 [Timer-105] Driver picked up order: Order: [name: Mixed Greens, temp: cold, shelfLife: 252.0, decayRate: 0.26 ]
2020-01-15T20:14:23.665-0800 [Timer-125] Driver picked up order: Order: [name: Milk, temp: cold, shelfLife: 252.0, decayRate: 0.15 ]
2020-01-15T20:14:24.686-0800 [Timer-137] Driver picked up order: Order: [name: MeatLoaf, temp: hot, shelfLife: 213.0, decayRate: 0.5 ]
2020-01-15T20:14:25.652-0800 [Timer-112] Driver picked up order: Order: [name: Cranberry Salad, temp: cold, shelfLife: 245.0, decayRate: 0.21 ]
2020-01-15T20:14:25.664-0800 [Timer-122] Driver picked up order: Order: [name: Beef Hash, temp: hot, shelfLife: 30.0, decayRate: 0.74 ]
2020-01-15T20:18:48.053-0800 [main] Starting OrderConsumerApplication on C02PW5F0G8WP with PID 42590 (/Users/nchapa/Documents/Test/order-consumer/target/classes started by nchapa in /Users/nchapa/Documents/Test/order-consumer)
2020-01-15T20:18:48.054-0800 [main] No active profile set, falling back to default profiles: default
2020-01-15T20:18:48.207-0800 [background-preinit] HV000001: Hibernate Validator 5.2.4.Final
2020-01-15T20:18:50.567-0800 [main] Started OrderConsumerApplication in 2.841 seconds (JVM running for 5.377)
2020-01-15T20:19:03.362-0800 [http-nio-8090-exec-4] Configuration error. 'minDriveTime' should be less than 'maxDriveTime'
2020-01-15T20:19:03.362-0800 [http-nio-8090-exec-1] Configuration error. 'minDriveTime' should be less than 'maxDriveTime'
2020-01-15T20:19:03.362-0800 [http-nio-8090-exec-2] Configuration error. 'minDriveTime' should be less than 'maxDriveTime'
2020-01-15T20:19:03.362-0800 [http-nio-8090-exec-3] Configuration error. 'minDriveTime' should be less than 'maxDriveTime'
2020-01-15T20:24:11.734-0800 [main] Starting OrderConsumerApplication on C02PW5F0G8WP with PID 42690 (/Users/nchapa/Documents/Test/order-consumer/target/classes started by nchapa in /Users/nchapa/Documents/Test/order-consumer)
2020-01-15T20:24:11.737-0800 [main] No active profile set, falling back to default profiles: default
2020-01-15T20:24:11.906-0800 [background-preinit] HV000001: Hibernate Validator 5.2.4.Final
2020-01-15T20:24:14.739-0800 [main] Started OrderConsumerApplication in 3.506 seconds (JVM running for 6.63)
2020-01-15T20:24:28.542-0800 [http-nio-8090-exec-2] Configuration error. 'minDriveTime' should be less than 'maxDriveTime'
2020-01-15T20:24:28.542-0800 [http-nio-8090-exec-3] Configuration error. 'minDriveTime' should be less than 'maxDriveTime'
2020-01-15T20:24:28.542-0800 [http-nio-8090-exec-1] Configuration error. 'minDriveTime' should be less than 'maxDriveTime'
2020-01-15T20:29:35.481-0800 [main] Starting OrderConsumerApplication on C02PW5F0G8WP with PID 42838 (/Users/nchapa/Documents/Test/order-consumer/target/classes started by nchapa in /Users/nchapa/Documents/Test/order-consumer)
2020-01-15T20:29:35.485-0800 [main] No active profile set, falling back to default profiles: default
2020-01-15T20:29:35.661-0800 [background-preinit] HV000001: Hibernate Validator 5.2.4.Final
2020-01-15T20:29:38.300-0800 [main] Started OrderConsumerApplication in 3.172 seconds (JVM running for 6.459)
2020-01-15T20:29:53.224-0800 [http-nio-8090-exec-2] Configuration error. 'minDriveTime' should be less than 'maxDriveTime'
2020-01-15T20:29:53.224-0800 [http-nio-8090-exec-3] Configuration error. 'minDriveTime' should be less than 'maxDriveTime'
2020-01-15T20:29:53.224-0800 [http-nio-8090-exec-1] Configuration error. 'minDriveTime' should be less than 'maxDriveTime'
2020-01-15T20:31:10.921-0800 [main] Starting OrderConsumerApplication on C02PW5F0G8WP with PID 42856 (/Users/nchapa/Documents/Test/order-consumer/target/classes started by nchapa in /Users/nchapa/Documents/Test/order-consumer)
2020-01-15T20:31:10.924-0800 [main] No active profile set, falling back to default profiles: default
2020-01-15T20:31:11.103-0800 [background-preinit] HV000001: Hibernate Validator 5.2.4.Final
2020-01-15T20:31:13.611-0800 [main] Started OrderConsumerApplication in 3.035 seconds (JVM running for 5.643)
2020-01-15T20:31:14.603-0800 [http-nio-8090-exec-2] Configuration error. 'minDriveTime' should be less than 'maxDriveTime'
2020-01-15T20:31:14.603-0800 [http-nio-8090-exec-3] Configuration error. 'minDriveTime' should be less than 'maxDriveTime'
2020-01-15T20:31:14.603-0800 [http-nio-8090-exec-1] Configuration error. 'minDriveTime' should be less than 'maxDriveTime'
2020-01-15T20:31:43.204-0800 [main] Starting OrderConsumerApplication on C02PW5F0G8WP with PID 42869 (/Users/nchapa/Documents/Test/order-consumer/target/classes started by nchapa in /Users/nchapa/Documents/Test/order-consumer)
2020-01-15T20:31:43.206-0800 [main] No active profile set, falling back to default profiles: default
2020-01-15T20:31:43.360-0800 [background-preinit] HV000001: Hibernate Validator 5.2.4.Final
2020-01-15T20:31:45.767-0800 [main] Started OrderConsumerApplication in 2.897 seconds (JVM running for 5.281)
2020-01-15T20:31:48.696-0800 [Timer-2] Driver picked up order: Order: [name: Beef Stew, temp: hot, shelfLife: 206.0, decayRate: 0.69 ]
2020-01-15T20:31:48.696-0800 [Timer-1] Driver picked up order: Order: [name: Brown Rice, temp: hot, shelfLife: 224.0, decayRate: 0.64 ]
2020-01-15T20:31:49.656-0800 [Timer-5] Driver picked up order: Order: [name: Milk, temp: cold, shelfLife: 252.0, decayRate: 0.15 ]
2020-01-15T20:31:50.660-0800 [Timer-8] Driver picked up order: Order: [name: Pastrami Sandwich, temp: hot, shelfLife: 190.0, decayRate: 0.8 ]
2020-01-15T20:31:52.661-0800 [Timer-6] Driver picked up order: Order: [name: Chicken, temp: hot, shelfLife: 201.0, decayRate: 0.74 ]
2020-01-15T20:31:54.563-0800 [Timer-10] Driver picked up order: Order: [name: Kebab, temp: hot, shelfLife: 200.0, decayRate: 0.54 ]
2020-01-15T20:31:55.677-0800 [Timer-25] Driver picked up order: Order: [name: Chicken Nuggets, temp: hot, shelfLife: 205.0, decayRate: 0.71 ]
2020-01-15T20:31:56.561-0800 [Timer-7] Driver picked up order: Order: [name: Spinach Omelet, temp: hot, shelfLife: 230.0, decayRate: 0.63 ]
2020-01-15T20:31:56.661-0800 [Timer-12] Driver picked up order: Order: [name: Chicken Nuggets, temp: hot, shelfLife: 205.0, decayRate: 0.71 ]
2020-01-15T20:31:56.669-0800 [Timer-18] Driver picked up order: Order: [name: French Fries, temp: hot, shelfLife: 220.0, decayRate: 0.67 ]
2020-01-15T20:31:56.697-0800 [Timer-0] Driver picked up order: Order: [name: Pad See Ew, temp: hot, shelfLife: 210.0, decayRate: 0.72 ]
2020-01-15T20:31:57.327-0800 [Timer-3] Driver picked up order: Order: [name: Pork Chop, temp: hot, shelfLife: 200.0, decayRate: 0.7 ]
2020-01-15T20:31:57.660-0800 [Timer-11] Driver picked up order: Order: [name: Ice, temp: frozen, shelfLife: 100.0, decayRate: 0.9 ]
2020-01-15T20:31:58.556-0800 [Timer-4] Driver picked up order: Order: [name: Onion Rings, temp: hot, shelfLife: 201.0, decayRate: 0.7 ]
2020-01-15T20:31:58.577-0800 [Timer-23] Driver picked up order: Order: [name: French Fries, temp: hot, shelfLife: 220.0, decayRate: 0.67 ]
2020-01-15T20:31:58.657-0800 [Timer-9] Driver picked up order: Order: [name: Mac & Cheese, temp: hot, shelfLife: 205.0, decayRate: 0.51 ]
2020-01-15T20:31:58.671-0800 [Timer-19] Driver picked up order: Order: [name: Cobb Salad, temp: cold, shelfLife: 263.0, decayRate: 0.2 ]
2020-01-15T20:31:58.677-0800 [Timer-24] Driver picked up order: Order: [name: Fresh Fruit, temp: cold, shelfLife: 252.0, decayRate: 0.29 ]
2020-01-15T20:31:58.683-0800 [Timer-31] Driver picked up order: Order: [name: Pistachio Ice Cream, temp: frozen, shelfLife: 175.0, decayRate: 0.4 ]
2020-01-15T20:31:59.568-0800 [Timer-17] Driver picked up order: Order: [name: Orange Chicken, temp: hot, shelfLife: 215.0, decayRate: 0.67 ]
2020-01-15T20:31:59.683-0800 [Timer-22] Driver picked up order: Order: [name: Frosty, temp: frozen, shelfLife: 135.0, decayRate: 0.52 ]
2020-01-15T20:32:00.330-0800 [Timer-29] Driver picked up order: Order: [name: Pickles, temp: cold, shelfLife: 259.0, decayRate: 0.29 ]
2020-01-15T20:32:00.666-0800 [Timer-15] Driver picked up order: Order: [name: Kombucha, temp: cold, shelfLife: 246.0, decayRate: 0.19 ]
2020-01-15T20:32:00.685-0800 [Timer-21] Driver picked up order: Order: [name: Mixed Greens, temp: cold, shelfLife: 252.0, decayRate: 0.26 ]
2020-01-15T20:32:00.685-0800 [Timer-38] Driver picked up order: Order: [name: Coke, temp: cold, shelfLife: 240.0, decayRate: 0.25 ]
2020-01-15T20:32:01.564-0800 [Timer-20] Driver picked up order: Order: [name: Milk, temp: cold, shelfLife: 252.0, decayRate: 0.15 ]
2020-01-15T20:32:01.564-0800 [Timer-13] Driver picked up order: Order: [name: Onion Rings, temp: hot, shelfLife: 201.0, decayRate: 0.7 ]
2020-01-15T20:32:01.683-0800 [Timer-34] Driver picked up order: Order: [name: Fudge Ice Cream Cake, temp: frozen, shelfLife: 415.0, decayRate: 0.49 ]
2020-01-15T20:32:02.664-0800 [Timer-14] Driver picked up order: Order: [name: Ice, temp: frozen, shelfLife: 100.0, decayRate: 0.9 ]
2020-01-15T20:32:02.686-0800 [Timer-32] Driver picked up order: Order: [name: Cobb Salad, temp: cold, shelfLife: 263.0, decayRate: 0.2 ]
2020-01-15T20:32:02.700-0800 [Timer-40] Driver picked up order: Order: [name: Corn Dog, temp: hot, shelfLife: 203.0, decayRate: 0.3 ]
2020-01-15T20:32:03.333-0800 [Timer-16] Driver picked up order: Order: [name: Chicken, temp: hot, shelfLife: 201.0, decayRate: 0.74 ]
2020-01-15T20:32:03.583-0800 [Timer-46] Driver picked up order: Order: [name: Strawberyy Banana Split, temp: frozen, shelfLife: 24.0, decayRate: 0.6 ]
2020-01-15T20:32:03.688-0800 [Timer-47] Driver picked up order: Order: [name: Orange Sorbet, temp: frozen, shelfLife: 165.0, decayRate: 0.65 ]
2020-01-15T20:32:04.577-0800 [Timer-36] Driver picked up order: Order: [name: Vegan Pizza, temp: hot, shelfLife: 200.0, decayRate: 0.7 ]
2020-01-15T20:32:04.583-0800 [Timer-43] Driver picked up order: Order: [name: Pasta, temp: hot, shelfLife: 200.0, decayRate: 0.7 ]
2020-01-15T20:32:04.587-0800 [Timer-52] Driver picked up order: Order: [name: Beef Stew, temp: hot, shelfLife: 206.0, decayRate: 0.69 ]
2020-01-15T20:32:04.686-0800 [Timer-45] Driver picked up order: Order: [name: Pickles, temp: cold, shelfLife: 259.0, decayRate: 0.29 ]
2020-01-15T20:32:05.580-0800 [Timer-39] Driver picked up order: Order: [name: Taco, temp: hot, shelfLife: 198.0, decayRate: 0.38 ]
2020-01-15T20:32:05.580-0800 [Timer-33] Driver picked up order: Order: [name: Cheese Pizza, temp: hot, shelfLife: 200.0, decayRate: 0.76 ]
2020-01-15T20:32:05.684-0800 [Timer-27] Driver picked up order: Order: [name: Fresh Bread, temp: hot, shelfLife: 201.0, decayRate: 0.9 ]
2020-01-15T20:32:05.688-0800 [Timer-28] Driver picked up order: Order: [name: Brown Rice, temp: hot, shelfLife: 224.0, decayRate: 0.64 ]
2020-01-15T20:32:06.579-0800 [Timer-26] Driver picked up order: Order: [name: Ice, temp: frozen, shelfLife: 100.0, decayRate: 0.9 ]
2020-01-15T20:32:06.683-0800 [Timer-35] Driver picked up order: Order: [name: Carne Asada, temp: hot, shelfLife: 222.0, decayRate: 0.71 ]
2020-01-15T20:32:07.576-0800 [Timer-30] Driver picked up order: Order: [name: Fish Tacos, temp: hot, shelfLife: 207.0, decayRate: 0.74 ]
2020-01-15T20:32:07.683-0800 [Timer-44] Driver picked up order: Order: [name: Poppers, temp: hot, shelfLife: 204.0, decayRate: 0.78 ]
2020-01-15T20:32:07.684-0800 [Timer-37] Driver picked up order: Order: [name: Arugula, temp: cold, shelfLife: 251.0, decayRate: 0.27 ]
2020-01-15T20:32:07.695-0800 [Timer-57] Driver picked up order: Order: [name: Kebab, temp: hot, shelfLife: 200.0, decayRate: 0.54 ]
2020-01-15T20:32:07.695-0800 [Timer-54] Driver picked up order: Order: [name: Orange Chicken, temp: hot, shelfLife: 215.0, decayRate: 0.67 ]
2020-01-15T20:32:08.700-0800 [Timer-41] Driver picked up order: Order: [name: Pistachio Ice Cream, temp: frozen, shelfLife: 175.0, decayRate: 0.4 ]
2020-01-15T20:32:09.696-0800 [Timer-58] Driver picked up order: Order: [name: Kebab, temp: hot, shelfLife: 200.0, decayRate: 0.54 ]
2020-01-15T20:32:09.697-0800 [Timer-60] Driver picked up order: Order: [name: Acai Bowl, temp: cold, shelfLife: 249.0, decayRate: 0.3 ]
2020-01-15T20:32:10.699-0800 [Timer-64] Driver picked up order: Order: [name: Burrito, temp: hot, shelfLife: 202.0, decayRate: 0.72 ]
2020-01-15T20:32:11.327-0800 [Timer-42] Driver picked up order: Order: [name: Fudge Ice Cream Cake, temp: frozen, shelfLife: 415.0, decayRate: 0.49 ]
2020-01-15T20:32:11.586-0800 [Timer-49] Driver picked up order: Order: [name: Pot Stickers, temp: hot, shelfLife: 204.0, decayRate: 0.73 ]
2020-01-15T20:32:11.698-0800 [Timer-61] Driver picked up order: Order: [name: Milk, temp: cold, shelfLife: 252.0, decayRate: 0.15 ]
2020-01-15T20:32:12.331-0800 [Timer-55] Driver picked up order: Order: [name: Acai Bowl, temp: cold, shelfLife: 240.0, decayRate: 0.9 ]
2020-01-15T20:32:12.691-0800 [Timer-48] Driver picked up order: Order: [name: Fresh Bread, temp: hot, shelfLife: 201.0, decayRate: 0.9 ]
2020-01-15T20:32:12.693-0800 [Timer-51] Driver picked up order: Order: [name: Strawberries, temp: frozen, shelfLife: 500.0, decayRate: 0.05 ]
2020-01-15T20:32:12.693-0800 [Timer-50] Driver picked up order: Order: [name: Vegan Pizza, temp: hot, shelfLife: 200.0, decayRate: 0.7 ]
2020-01-15T20:32:12.704-0800 [Timer-73] Driver picked up order: Order: [name: Chicken, temp: hot, shelfLife: 201.0, decayRate: 0.74 ]
2020-01-15T20:32:13.586-0800 [Timer-59] Driver picked up order: Order: [name: Pad See Ew, temp: hot, shelfLife: 210.0, decayRate: 0.72 ]
2020-01-15T20:32:13.586-0800 [Timer-56] Driver picked up order: Order: [name: Beef Stew, temp: hot, shelfLife: 206.0, decayRate: 0.69 ]
2020-01-15T20:32:13.593-0800 [Timer-69] Driver picked up order: Order: [name: Pastrami Sandwich, temp: hot, shelfLife: 190.0, decayRate: 0.8 ]
2020-01-15T20:32:13.593-0800 [Timer-65] Driver picked up order: Order: [name: Corn Dog, temp: hot, shelfLife: 203.0, decayRate: 0.3 ]
2020-01-15T20:32:13.595-0800 [Timer-82] Driver picked up order: Order: [name: Pot Stickers, temp: hot, shelfLife: 204.0, decayRate: 0.73 ]
2020-01-15T20:32:13.693-0800 [Timer-53] Driver picked up order: Order: [name: Pot Stickers, temp: hot, shelfLife: 204.0, decayRate: 0.73 ]
2020-01-15T20:32:13.706-0800 [Timer-70] Driver picked up order: Order: [name: Ice, temp: frozen, shelfLife: 100.0, decayRate: 0.9 ]
2020-01-15T20:32:13.710-0800 [Timer-80] Driver picked up order: Order: [name: Acai Bowl, temp: cold, shelfLife: 249.0, decayRate: 0.3 ]
2020-01-15T20:32:13.710-0800 [Timer-83] Driver picked up order: Order: [name: Fresh Bread, temp: hot, shelfLife: 201.0, decayRate: 0.9 ]
2020-01-15T20:32:14.598-0800 [Timer-85] Driver picked up order: Order: [name: Pasta, temp: hot, shelfLife: 200.0, decayRate: 0.7 ]
2020-01-15T20:32:14.703-0800 [Timer-67] Driver picked up order: Order: [name: Burrito, temp: hot, shelfLife: 202.0, decayRate: 0.72 ]
2020-01-15T20:32:14.703-0800 [Timer-71] Driver picked up order: Order: [name: Pistachio Ice Cream, temp: frozen, shelfLife: 175.0, decayRate: 0.4 ]
2020-01-15T20:32:14.703-0800 [Timer-74] Driver picked up order: Order: [name: Beef Stew, temp: hot, shelfLife: 206.0, decayRate: 0.69 ]
2020-01-15T20:32:14.712-0800 [Timer-77] Driver picked up order: Order: [name: Pickles, temp: cold, shelfLife: 259.0, decayRate: 0.29 ]
2020-01-15T20:32:15.592-0800 [Timer-75] Driver picked up order: Order: [name: Coke, temp: cold, shelfLife: 240.0, decayRate: 0.25 ]
2020-01-15T20:32:15.704-0800 [Timer-66] Driver picked up order: Order: [name: Kale Salad, temp: cold, shelfLife: 250.0, decayRate: 0.25 ]
2020-01-15T20:32:15.712-0800 [Timer-79] Driver picked up order: Order: [name: Ice, temp: frozen, shelfLife: 100.0, decayRate: 0.9 ]
2020-01-15T20:32:16.592-0800 [Timer-62] Driver picked up order: Order: [name: Spinach Omelet, temp: hot, shelfLife: 230.0, decayRate: 0.63 ]
2020-01-15T20:32:16.597-0800 [Timer-62] Error: org.apache.http.conn.HttpHostConnectException: Connect to localhost:8080 [localhost/127.0.0.1, localhost/0:0:0:0:0:0:0:1] failed: Connection refused
2020-01-15T20:32:16.712-0800 [Timer-86] Driver picked up order: Order: [name: Coconut, temp: cold, shelfLife: 254.0, decayRate: 0.22 ]
2020-01-15T20:32:16.715-0800 [Timer-86] Error: org.apache.http.conn.HttpHostConnectException: Connect to localhost:8080 [localhost/127.0.0.1, localhost/0:0:0:0:0:0:0:1] failed: Connection refused
2020-01-15T20:32:17.698-0800 [Timer-63] Driver picked up order: Order: [name: Pork Chop, temp: hot, shelfLife: 200.0, decayRate: 0.7 ]
2020-01-15T20:32:17.702-0800 [Timer-63] Error: org.apache.http.conn.HttpHostConnectException: Connect to localhost:8080 [localhost/127.0.0.1, localhost/0:0:0:0:0:0:0:1] failed: Connection refused
2020-01-15T20:32:18.333-0800 [Timer-68] Driver picked up order: Order: [name: Chicken Nuggets, temp: hot, shelfLife: 205.0, decayRate: 0.71 ]
2020-01-15T20:32:18.337-0800 [Timer-68] Error: org.apache.http.conn.HttpHostConnectException: Connect to localhost:8080 [localhost/127.0.0.1, localhost/0:0:0:0:0:0:0:1] failed: Connection refused
2020-01-15T20:32:18.339-0800 [Timer-94] Driver picked up order: Order: [name: Vanilla Ice Cream, temp: frozen, shelfLife: 310.0, decayRate: 0.35 ]
2020-01-15T20:32:18.341-0800 [Timer-94] Error: org.apache.http.conn.HttpHostConnectException: Connect to localhost:8080 [localhost/127.0.0.1, localhost/0:0:0:0:0:0:0:1] failed: Connection refused
2020-01-15T20:32:18.593-0800 [Timer-78] Driver picked up order: Order: [name: Pickles, temp: cold, shelfLife: 259.0, decayRate: 0.29 ]
2020-01-15T20:32:18.593-0800 [Timer-72] Driver picked up order: Order: [name: Brown Rice, temp: hot, shelfLife: 224.0, decayRate: 0.64 ]
2020-01-15T20:32:18.595-0800 [Timer-91] Driver picked up order: Order: [name: Sherbet, temp: frozen, shelfLife: 175.0, decayRate: 0.6 ]
2020-01-15T20:32:18.597-0800 [Timer-72] Error: org.apache.http.conn.HttpHostConnectException: Connect to localhost:8080 [localhost/127.0.0.1, localhost/0:0:0:0:0:0:0:1] failed: Connection refused
2020-01-15T20:32:18.597-0800 [Timer-78] Error: org.apache.http.conn.HttpHostConnectException: Connect to localhost:8080 [localhost/127.0.0.1, localhost/0:0:0:0:0:0:0:1] failed: Connection refused
2020-01-15T20:32:18.599-0800 [Timer-91] Error: org.apache.http.conn.HttpHostConnectException: Connect to localhost:8080 [localhost/127.0.0.1, localhost/0:0:0:0:0:0:0:1] failed: Connection refused
2020-01-15T20:32:18.600-0800 [Timer-88] Driver picked up order: Order: [name: Kebab, temp: hot, shelfLife: 200.0, decayRate: 0.54 ]
2020-01-15T20:32:18.603-0800 [Timer-88] Error: org.apache.http.conn.HttpHostConnectException: Connect to localhost:8080 [localhost/127.0.0.1, localhost/0:0:0:0:0:0:0:1] failed: Connection refused
2020-01-15T20:32:18.709-0800 [Timer-76] Driver picked up order: Order: [name: Coke, temp: cold, shelfLife: 240.0, decayRate: 0.25 ]
2020-01-15T20:32:18.714-0800 [Timer-76] Error: org.apache.http.conn.HttpHostConnectException: Connect to localhost:8080 [localhost/127.0.0.1, localhost/0:0:0:0:0:0:0:1] failed: Connection refused
2020-01-15T20:32:19.723-0800 [Timer-92] Driver picked up order: Order: [name: Pasta, temp: hot, shelfLife: 200.0, decayRate: 0.7 ]
2020-01-15T20:32:19.726-0800 [Timer-93] Driver picked up order: Order: [name: MeatLoaf, temp: hot, shelfLife: 213.0, decayRate: 0.5 ]
2020-01-15T20:32:19.727-0800 [Timer-92] Error: org.apache.http.conn.HttpHostConnectException: Connect to localhost:8080 [localhost/127.0.0.1, localhost/0:0:0:0:0:0:0:1] failed: Connection refused
2020-01-15T20:32:19.729-0800 [Timer-93] Error: org.apache.http.conn.HttpHostConnectException: Connect to localhost:8080 [localhost/127.0.0.1, localhost/0:0:0:0:0:0:0:1] failed: Connection refused
2020-01-15T20:32:20.340-0800 [Timer-81] Driver picked up order: Order: [name: Ice Cream Sandwich, temp: frozen, shelfLife: 250.0, decayRate: 0.5 ]
2020-01-15T20:32:20.343-0800 [Timer-81] Error: org.apache.http.conn.HttpHostConnectException: Connect to localhost:8080 [localhost/127.0.0.1, localhost/0:0:0:0:0:0:0:1] failed: Connection refused
2020-01-15T20:32:20.596-0800 [Timer-95] Driver picked up order: Order: [name: Onion Rings, temp: hot, shelfLife: 201.0, decayRate: 0.7 ]
2020-01-15T20:32:20.600-0800 [Timer-95] Error: org.apache.http.conn.HttpHostConnectException: Connect to localhost:8080 [localhost/127.0.0.1, localhost/0:0:0:0:0:0:0:1] failed: Connection refused
2020-01-15T20:32:20.710-0800 [Timer-89] Driver picked up order: Order: [name: Fresh Fruit, temp: cold, shelfLife: 252.0, decayRate: 0.29 ]
2020-01-15T20:32:20.714-0800 [Timer-89] Error: org.apache.http.conn.HttpHostConnectException: Connect to localhost:8080 [localhost/127.0.0.1, localhost/0:0:0:0:0:0:0:1] failed: Connection refused
2020-01-15T20:32:21.714-0800 [Timer-84] Driver picked up order: Order: [name: Chicken Nuggets, temp: hot, shelfLife: 205.0, decayRate: 0.71 ]
2020-01-15T20:32:21.718-0800 [Timer-84] Error: org.apache.http.conn.HttpHostConnectException: Connect to localhost:8080 [localhost/127.0.0.1, localhost/0:0:0:0:0:0:0:1] failed: Connection refused
2020-01-15T20:32:22.713-0800 [Timer-97] Driver picked up order: Order: [name: Corn Dog, temp: hot, shelfLife: 203.0, decayRate: 0.3 ]
2020-01-15T20:32:22.716-0800 [Timer-97] Error: org.apache.http.conn.HttpHostConnectException: Connect to localhost:8080 [localhost/127.0.0.1, localhost/0:0:0:0:0:0:0:1] failed: Connection refused
2020-01-15T20:32:23.709-0800 [Timer-90] Driver picked up order: Order: [name: Vegan Pizza, temp: hot, shelfLife: 200.0, decayRate: 0.7 ]
2020-01-15T20:32:23.712-0800 [Timer-90] Error: org.apache.http.conn.HttpHostConnectException: Connect to localhost:8080 [localhost/127.0.0.1, localhost/0:0:0:0:0:0:0:1] failed: Connection refused
2020-01-15T20:32:24.717-0800 [Timer-96] Driver picked up order: Order: [name: Mac & Cheese, temp: hot, shelfLife: 205.0, decayRate: 0.51 ]
2020-01-15T20:32:24.717-0800 [Timer-87] Driver picked up order: Order: [name: Pistachio Ice Cream, temp: frozen, shelfLife: 175.0, decayRate: 0.4 ]
2020-01-15T20:32:24.720-0800 [Timer-87] Error: org.apache.http.conn.HttpHostConnectException: Connect to localhost:8080 [localhost/127.0.0.1, localhost/0:0:0:0:0:0:0:1] failed: Connection refused
2020-01-15T20:32:24.720-0800 [Timer-96] Error: org.apache.http.conn.HttpHostConnectException: Connect to localhost:8080 [localhost/127.0.0.1, localhost/0:0:0:0:0:0:0:1] failed: Connection refused
2020-01-15T20:57:49.831-0800 [main] Starting OrderConsumerApplication on C02PW5F0G8WP with PID 43049 (/Users/nchapa/Documents/Test/order-consumer/target/classes started by nchapa in /Users/nchapa/Documents/Test/order-consumer)
2020-01-15T20:57:49.837-0800 [main] No active profile set, falling back to default profiles: default
2020-01-15T20:57:50.033-0800 [background-preinit] HV000001: Hibernate Validator 5.2.4.Final
2020-01-15T20:57:53.544-0800 [main] Started OrderConsumerApplication in 4.224 seconds (JVM running for 7.796)
2020-01-15T20:57:56.749-0800 [Timer-1] Driver picked up order: Order: [name: Ice Cream Sandwich, temp: frozen, shelfLife: 250.0, decayRate: 0.5 ]
2020-01-15T20:57:59.424-0800 [Timer-5] Driver picked up order: Order: [name: Strawberries, temp: frozen, shelfLife: 500.0, decayRate: 0.05 ]
2020-01-15T20:57:59.425-0800 [Timer-2] Driver picked up order: Order: [name: Kebab, temp: hot, shelfLife: 200.0, decayRate: 0.54 ]
2020-01-15T20:57:59.573-0800 [Timer-3] Driver picked up order: Order: [name: Spinach Omelet, temp: hot, shelfLife: 230.0, decayRate: 0.63 ]
2020-01-15T20:57:59.578-0800 [Timer-4] Driver picked up order: Order: [name: Beef Stew, temp: hot, shelfLife: 206.0, decayRate: 0.69 ]
2020-01-15T20:58:00.596-0800 [Timer-14] Driver picked up order: Order: [name: Fresh Fruit, temp: cold, shelfLife: 252.0, decayRate: 0.29 ]
2020-01-15T20:58:01.581-0800 [Timer-10] Driver picked up order: Order: [name: Orange Chicken, temp: hot, shelfLife: 215.0, decayRate: 0.67 ]
2020-01-15T20:58:02.444-0800 [Timer-19] Driver picked up order: Order: [name: Apples, temp: cold, shelfLife: 244.0, decayRate: 0.23 ]
2020-01-15T20:58:02.579-0800 [Timer-7] Driver picked up order: Order: [name: Kebab, temp: hot, shelfLife: 200.0, decayRate: 0.54 ]
2020-01-15T20:58:02.592-0800 [Timer-13] Driver picked up order: Order: [name: Chocolate Gelato, temp: frozen, shelfLife: 308.0, decayRate: 0.67 ]
2020-01-15T20:58:02.747-0800 [Timer-0] Driver picked up order: Order: [name: Push Pop, temp: frozen, shelfLife: 220.0, decayRate: 0.5 ]
2020-01-15T20:58:03.600-0800 [Timer-20] Driver picked up order: Order: [name: Push Pop, temp: frozen, shelfLife: 220.0, decayRate: 0.5 ]
2020-01-15T20:58:04.424-0800 [Timer-6] Driver picked up order: Order: [name: Arugula, temp: cold, shelfLife: 251.0, decayRate: 0.27 ]
2020-01-15T20:58:04.593-0800 [Timer-23] Driver picked up order: Order: [name: Coke, temp: cold, shelfLife: 240.0, decayRate: 0.25 ]
2020-01-15T20:58:05.424-0800 [Timer-9] Driver picked up order: Order: [name: Acai Bowl, temp: cold, shelfLife: 249.0, decayRate: 0.3 ]
2020-01-15T20:58:05.581-0800 [Timer-11] Driver picked up order: Order: [name: Chicken Nuggets, temp: hot, shelfLife: 205.0, decayRate: 0.71 ]
2020-01-15T20:58:05.588-0800 [Timer-16] Driver picked up order: Order: [name: Acai Bowl, temp: cold, shelfLife: 240.0, decayRate: 0.9 ]
2020-01-15T20:58:06.428-0800 [Timer-12] Driver picked up order: Order: [name: Poppers, temp: hot, shelfLife: 204.0, decayRate: 0.78 ]
2020-01-15T20:58:07.425-0800 [Timer-35] Driver picked up order: Order: [name: Pasta, temp: hot, shelfLife: 200.0, decayRate: 0.7 ]
2020-01-15T20:58:07.581-0800 [Timer-8] Driver picked up order: Order: [name: Cottage Cheese, temp: cold, shelfLife: 251.0, decayRate: 0.22 ]
2020-01-15T20:58:07.601-0800 [Timer-21] Driver picked up order: Order: [name: Frosty, temp: frozen, shelfLife: 135.0, decayRate: 0.52 ]
2020-01-15T20:58:08.434-0800 [Timer-32] Driver picked up order: Order: [name: Pickles, temp: cold, shelfLife: 259.0, decayRate: 0.29 ]
2020-01-15T20:58:08.587-0800 [Timer-17] Driver picked up order: Order: [name: Brown Rice, temp: hot, shelfLife: 224.0, decayRate: 0.64 ]
2020-01-15T20:58:08.592-0800 [Timer-24] Driver picked up order: Order: [name: Pastrami Sandwich, temp: hot, shelfLife: 190.0, decayRate: 0.8 ]
2020-01-15T20:58:08.597-0800 [Timer-33] Driver picked up order: Order: [name: Arugula, temp: cold, shelfLife: 251.0, decayRate: 0.27 ]
2020-01-15T20:58:09.424-0800 [Timer-15] Driver picked up order: Order: [name: Cottage Cheese, temp: cold, shelfLife: 255.0, decayRate: 0.26 ]
2020-01-15T20:58:09.598-0800 [Timer-27] Driver picked up order: Order: [name: Taco, temp: hot, shelfLife: 198.0, decayRate: 0.38 ]
2020-01-15T20:58:09.601-0800 [Timer-34] Driver picked up order: Order: [name: Kombucha, temp: cold, shelfLife: 246.0, decayRate: 0.19 ]
2020-01-15T20:58:09.603-0800 [Timer-43] Driver picked up order: Order: [name: Vegan Pizza, temp: hot, shelfLife: 200.0, decayRate: 0.7 ]
2020-01-15T20:58:10.421-0800 [Timer-22] Driver picked up order: Order: [name: Grilled Corn Salad, temp: cold, shelfLife: 305.0, decayRate: 0.1 ]
2020-01-15T20:58:10.424-0800 [Timer-28] Driver picked up order: Order: [name: Pressed Juice, temp: cold, shelfLife: 250.0, decayRate: 0.2 ]
2020-01-15T20:58:10.437-0800 [Timer-48] Driver picked up order: Order: [name: Arugula, temp: cold, shelfLife: 251.0, decayRate: 0.27 ]
2020-01-15T20:58:10.593-0800 [Timer-30] Driver picked up order: Order: [name: McFlury, temp: frozen, shelfLife: 372.0, decayRate: 0.45 ]
2020-01-15T20:58:10.598-0800 [Timer-47] Driver picked up order: Order: [name: Pistachio Ice Cream, temp: frozen, shelfLife: 175.0, decayRate: 0.4 ]
2020-01-15T20:58:11.420-0800 [Timer-18] Driver picked up order: Order: [name: Milk, temp: cold, shelfLife: 252.0, decayRate: 0.15 ]
2020-01-15T20:58:11.426-0800 [Timer-25] Driver picked up order: Order: [name: Sushi, temp: cold, shelfLife: 251.0, decayRate: 0.25 ]
2020-01-15T20:58:11.590-0800 [Timer-36] Driver picked up order: Order: [name: Popsicle, temp: frozen, shelfLife: 345.0, decayRate: 0.75 ]
2020-01-15T20:58:11.608-0800 [Timer-53] Driver picked up order: Order: [name: Mac & Cheese, temp: hot, shelfLife: 205.0, decayRate: 0.51 ]
2020-01-15T20:58:12.592-0800 [Timer-26] Driver picked up order: Order: [name: Coconut, temp: cold, shelfLife: 254.0, decayRate: 0.22 ]
2020-01-15T20:58:12.603-0800 [Timer-40] Driver picked up order: Order: [name: Onion Rings, temp: hot, shelfLife: 201.0, decayRate: 0.7 ]
2020-01-15T20:58:12.604-0800 [Timer-49] Driver picked up order: Order: [name: Hamburger, temp: hot, shelfLife: 200.0, decayRate: 0.63 ]
2020-01-15T20:58:13.426-0800 [Timer-38] Driver picked up order: Order: [name: Mint Chocolate Ice Cream, temp: frozen, shelfLife: 290.0, decayRate: 0.5 ]
2020-01-15T20:58:13.443-0800 [Timer-54] Driver picked up order: Order: [name: Brown Rice, temp: hot, shelfLife: 224.0, decayRate: 0.64 ]
2020-01-15T20:58:13.595-0800 [Timer-29] Driver picked up order: Order: [name: Tomato Soup, temp: hot, shelfLife: 243.0, decayRate: 0.71 ]
2020-01-15T20:58:13.601-0800 [Timer-39] Driver picked up order: Order: [name: Beef Hash, temp: hot, shelfLife: 30.0, decayRate: 0.74 ]
2020-01-15T20:58:13.604-0800 [Timer-56] Driver picked up order: Order: [name: Pistachio Ice Cream, temp: frozen, shelfLife: 175.0, decayRate: 0.4 ]
2020-01-15T20:58:14.432-0800 [Timer-45] Driver picked up order: Order: [name: Vegan Pizza, temp: hot, shelfLife: 200.0, decayRate: 0.7 ]
2020-01-15T20:58:14.437-0800 [Timer-31] Driver picked up order: Order: [name: Brown Rice, temp: hot, shelfLife: 224.0, decayRate: 0.64 ]
2020-01-15T20:58:14.607-0800 [Timer-50] Driver picked up order: Order: [name: Sushi, temp: cold, shelfLife: 251.0, decayRate: 0.25 ]
2020-01-15T20:58:14.612-0800 [Timer-63] Driver picked up order: Order: [name: Arugula, temp: cold, shelfLife: 251.0, decayRate: 0.27 ]
2020-01-15T20:58:15.615-0800 [Timer-60] Driver picked up order: Order: [name: Hamburger, temp: hot, shelfLife: 200.0, decayRate: 0.63 ]
2020-01-15T20:58:16.592-0800 [Timer-37] Driver picked up order: Order: [name: Chunky Monkey, temp: frozen, shelfLife: 210.0, decayRate: 0.54 ]
2020-01-15T20:58:16.594-0800 [Timer-46] Driver picked up order: Order: [name: Onion Rings, temp: hot, shelfLife: 201.0, decayRate: 0.7 ]
2020-01-15T20:58:16.616-0800 [Timer-59] Driver picked up order: Order: [name: Mint Chocolate Ice Cream, temp: frozen, shelfLife: 290.0, decayRate: 0.5 ]
2020-01-15T20:58:17.424-0800 [Timer-57] Driver picked up order: Order: [name: Fresh Fruit, temp: cold, shelfLife: 252.0, decayRate: 0.29 ]
2020-01-15T20:58:17.431-0800 [Timer-41] Driver picked up order: Order: [name: Kale Salad, temp: cold, shelfLife: 250.0, decayRate: 0.25 ]
2020-01-15T20:58:17.437-0800 [Timer-51] Driver picked up order: Order: [name: Corn Dog, temp: hot, shelfLife: 203.0, decayRate: 0.3 ]
2020-01-15T20:58:17.444-0800 [Timer-58] Driver picked up order: Order: [name: Fresh Bread, temp: hot, shelfLife: 201.0, decayRate: 0.9 ]
2020-01-15T20:58:17.601-0800 [Timer-42] Driver picked up order: Order: [name: Pistachio Ice Cream, temp: frozen, shelfLife: 175.0, decayRate: 0.4 ]
2020-01-15T20:58:17.612-0800 [Timer-65] Driver picked up order: Order: [name: Coconut, temp: cold, shelfLife: 254.0, decayRate: 0.22 ]
2020-01-15T20:58:18.605-0800 [Timer-55] Driver picked up order: Order: [name: Fish Tacos, temp: hot, shelfLife: 207.0, decayRate: 0.74 ]
2020-01-15T20:58:19.420-0800 [Timer-44] Driver picked up order: Order: [name: Snow Cone, temp: frozen, shelfLife: 50.0, decayRate: 0.86 ]
2020-01-15T20:58:19.450-0800 [Timer-61] Driver picked up order: Order: [name: Vegan Pizza, temp: hot, shelfLife: 200.0, decayRate: 0.7 ]
2020-01-15T20:58:19.608-0800 [Timer-66] Driver picked up order: Order: [name: Fresh Bread, temp: hot, shelfLife: 201.0, decayRate: 0.9 ]
2020-01-15T20:58:20.603-0800 [Timer-52] Driver picked up order: Order: [name: Grilled Corn Salad, temp: cold, shelfLife: 305.0, decayRate: 0.1 ]
2020-01-15T20:58:20.605-0800 [Timer-68] Driver picked up order: Order: [name: Cookie Dough, temp: frozen, shelfLife: 600.0, decayRate: 0.15 ]
2020-01-15T20:58:20.609-0800 [Timer-62] Driver picked up order: Order: [name: Ice Cream Sandwich, temp: frozen, shelfLife: 250.0, decayRate: 0.5 ]
2020-01-15T20:58:21.605-0800 [Timer-69] Driver picked up order: Order: [name: Orange Chicken, temp: hot, shelfLife: 215.0, decayRate: 0.67 ]
2020-01-15T20:58:21.623-0800 [Timer-81] Driver picked up order: Order: [name: Orange Chicken, temp: hot, shelfLife: 215.0, decayRate: 0.67 ]
2020-01-15T20:58:22.453-0800 [Timer-64] Driver picked up order: Order: [name: Chunky Monkey, temp: frozen, shelfLife: 210.0, decayRate: 0.54 ]
2020-01-15T20:58:22.459-0800 [Timer-67] Driver picked up order: Order: [name: Kebab, temp: hot, shelfLife: 200.0, decayRate: 0.54 ]
2020-01-15T20:58:23.480-0800 [Timer-84] Driver picked up order: Order: [name: Vegan Pizza, temp: hot, shelfLife: 200.0, decayRate: 0.7 ]
2020-01-15T20:58:23.613-0800 [Timer-75] Driver picked up order: Order: [name: Cheese Pizza, temp: hot, shelfLife: 200.0, decayRate: 0.76 ]
2020-01-15T20:58:24.424-0800 [Timer-70] Driver picked up order: Order: [name: Apples, temp: cold, shelfLife: 244.0, decayRate: 0.23 ]
2020-01-15T20:58:24.458-0800 [Timer-71] Driver picked up order: Order: [name: Spinach Omelet, temp: hot, shelfLife: 230.0, decayRate: 0.63 ]
2020-01-15T20:58:24.463-0800 [Timer-77] Driver picked up order: Order: [name: Popsicle, temp: frozen, shelfLife: 345.0, decayRate: 0.75 ]
2020-01-15T20:58:24.463-0800 [Timer-74] Driver picked up order: Order: [name: Push Pop, temp: frozen, shelfLife: 220.0, decayRate: 0.5 ]
2020-01-15T20:58:24.483-0800 [Timer-90] Driver picked up order: Order: [name: Fish Tacos, temp: hot, shelfLife: 207.0, decayRate: 0.74 ]
2020-01-15T20:58:24.623-0800 [Timer-78] Driver picked up order: Order: [name: Beef Stew, temp: hot, shelfLife: 206.0, decayRate: 0.69 ]
2020-01-15T20:58:24.623-0800 [Timer-94] Driver picked up order: Order: [name: Ice, temp: frozen, shelfLife: 100.0, decayRate: 0.9 ]
2020-01-15T20:58:24.623-0800 [Timer-95] Driver picked up order: Order: [name: Pot Stickers, temp: hot, shelfLife: 204.0, decayRate: 0.73 ]
2020-01-15T20:58:25.425-0800 [Timer-96] Driver picked up order: Order: [name: Beef Hash, temp: hot, shelfLife: 30.0, decayRate: 0.74 ]
2020-01-15T20:58:25.470-0800 [Timer-80] Driver picked up order: Order: [name: MeatLoaf, temp: hot, shelfLife: 213.0, decayRate: 0.5 ]
2020-01-15T20:58:25.473-0800 [Timer-87] Driver picked up order: Order: [name: Strawberyy Banana Split, temp: frozen, shelfLife: 24.0, decayRate: 0.6 ]
2020-01-15T20:58:25.624-0800 [Timer-82] Driver picked up order: Order: [name: Chunky Monkey, temp: frozen, shelfLife: 210.0, decayRate: 0.54 ]
2020-01-15T20:58:26.424-0800 [Timer-83] Driver picked up order: Order: [name: Pistachio Ice Cream, temp: frozen, shelfLife: 175.0, decayRate: 0.4 ]
2020-01-15T20:58:26.498-0800 [Timer-100] Driver picked up order: Order: [name: Pistachio Ice Cream, temp: frozen, shelfLife: 175.0, decayRate: 0.4 ]
2020-01-15T20:58:26.610-0800 [Timer-73] Driver picked up order: Order: [name: Cottage Cheese, temp: cold, shelfLife: 255.0, decayRate: 0.26 ]
2020-01-15T20:58:26.610-0800 [Timer-72] Driver picked up order: Order: [name: Fish Tacos, temp: hot, shelfLife: 207.0, decayRate: 0.74 ]
2020-01-15T20:58:26.622-0800 [Timer-92] Driver picked up order: Order: [name: Pistachio Ice Cream, temp: frozen, shelfLife: 175.0, decayRate: 0.4 ]
2020-01-15T20:58:26.623-0800 [Timer-86] Driver picked up order: Order: [name: Vanilla Ice Cream, temp: frozen, shelfLife: 310.0, decayRate: 0.35 ]
2020-01-15T20:58:26.629-0800 [Timer-89] Driver picked up order: Order: [name: Pistachio Ice Cream, temp: frozen, shelfLife: 175.0, decayRate: 0.4 ]
2020-01-15T20:58:27.613-0800 [Timer-76] Driver picked up order: Order: [name: Mac & Cheese, temp: hot, shelfLife: 205.0, decayRate: 0.51 ]
2020-01-15T20:58:27.637-0800 [Timer-101] Driver picked up order: Order: [name: Fish Tacos, temp: hot, shelfLife: 207.0, decayRate: 0.74 ]
2020-01-15T20:58:28.620-0800 [Timer-91] Driver picked up order: Order: [name: Chocolate Gelato, temp: frozen, shelfLife: 300.0, decayRate: 0.61 ]
2020-01-15T20:58:28.628-0800 [Timer-88] Driver picked up order: Order: [name: Kale Salad, temp: cold, shelfLife: 250.0, decayRate: 0.25 ]
2020-01-15T20:58:28.628-0800 [Timer-99] Driver picked up order: Order: [name: Hamburger, temp: hot, shelfLife: 200.0, decayRate: 0.63 ]
2020-01-15T20:58:29.623-0800 [Timer-79] Driver picked up order: Order: [name: Mixed Greens, temp: cold, shelfLife: 252.0, decayRate: 0.26 ]
2020-01-15T20:58:30.623-0800 [Timer-85] Driver picked up order: Order: [name: Cheese, temp: cold, shelfLife: 255.0, decayRate: 0.2 ]
2020-01-15T20:58:32.479-0800 [Timer-93] Driver picked up order: Order: [name: Pad See Ew, temp: hot, shelfLife: 210.0, decayRate: 0.72 ]
2020-01-15T20:58:34.486-0800 [Timer-97] Driver picked up order: Order: [name: Coke, temp: cold, shelfLife: 240.0, decayRate: 0.25 ]
2020-01-15T20:58:34.631-0800 [Timer-98] Driver picked up order: Order: [name: Pasta, temp: hot, shelfLife: 200.0, decayRate: 0.7 ]
2020-01-15T20:58:35.640-0800 [Timer-102] Driver picked up order: Order: [name: Acai Bowl, temp: cold, shelfLife: 249.0, decayRate: 0.3 ]
2020-01-15T21:03:11.219-0800 [Timer-111] Driver picked up order: Order: [name: Milk, temp: cold, shelfLife: 252.0, decayRate: 0.15 ]
2020-01-15T21:03:12.068-0800 [Timer-112] Driver picked up order: Order: [name: Beef Hash, temp: hot, shelfLife: 30.0, decayRate: 0.74 ]
2020-01-15T21:03:12.235-0800 [Timer-108] Driver picked up order: Order: [name: McFlury, temp: frozen, shelfLife: 375.0, decayRate: 0.4 ]
2020-01-15T21:03:13.071-0800 [Timer-106] Driver picked up order: Order: [name: Vegan Pizza, temp: hot, shelfLife: 200.0, decayRate: 0.7 ]
2020-01-15T21:03:13.918-0800 [Timer-105] Driver picked up order: Order: [name: Pistachio Ice Cream, temp: frozen, shelfLife: 175.0, decayRate: 0.4 ]
2020-01-15T21:03:13.918-0800 [Timer-104] Driver picked up order: Order: [name: Kale Salad, temp: cold, shelfLife: 250.0, decayRate: 0.25 ]
2020-01-15T21:03:14.230-0800 [Timer-120] Driver picked up order: Order: [name: Coke, temp: cold, shelfLife: 240.0, decayRate: 0.25 ]
2020-01-15T21:03:15.075-0800 [Timer-109] Driver picked up order: Order: [name: Fish Tacos, temp: hot, shelfLife: 207.0, decayRate: 0.74 ]
2020-01-15T21:03:15.231-0800 [Timer-107] Driver picked up order: Order: [name: Orange Chicken, temp: hot, shelfLife: 215.0, decayRate: 0.67 ]
2020-01-15T21:03:15.235-0800 [Timer-118] Driver picked up order: Order: [name: Spinach Omelet, temp: hot, shelfLife: 230.0, decayRate: 0.63 ]
2020-01-15T21:03:15.918-0800 [Timer-103] Driver picked up order: Order: [name: Pasta, temp: hot, shelfLife: 200.0, decayRate: 0.7 ]
2020-01-15T21:03:16.229-0800 [Timer-121] Driver picked up order: Order: [name: Yogurt, temp: cold, shelfLife: 263.0, decayRate: 0.37 ]
2020-01-15T21:03:16.235-0800 [Timer-123] Driver picked up order: Order: [name: French Fries, temp: hot, shelfLife: 220.0, decayRate: 0.67 ]
2020-01-15T21:03:17.221-0800 [Timer-114] Driver picked up order: Order: [name: Cranberry Salad, temp: cold, shelfLife: 245.0, decayRate: 0.21 ]
2020-01-15T21:03:17.233-0800 [Timer-127] Driver picked up order: Order: [name: MeatLoaf, temp: hot, shelfLife: 213.0, decayRate: 0.5 ]
2020-01-15T21:03:18.218-0800 [Timer-110] Driver picked up order: Order: [name: Onion Rings, temp: hot, shelfLife: 201.0, decayRate: 0.7 ]
2020-01-15T21:03:19.068-0800 [Timer-113] Driver picked up order: Order: [name: Kebab, temp: hot, shelfLife: 200.0, decayRate: 0.54 ]
2020-01-15T21:03:19.087-0800 [Timer-126] Driver picked up order: Order: [name: Coconut, temp: cold, shelfLife: 254.0, decayRate: 0.22 ]
2020-01-15T21:03:19.233-0800 [Timer-137] Driver picked up order: Order: [name: Kebab, temp: hot, shelfLife: 200.0, decayRate: 0.54 ]
2020-01-15T21:03:19.239-0800 [Timer-128] Driver picked up order: Order: [name: Spinach Omelet, temp: hot, shelfLife: 230.0, decayRate: 0.63 ]
2020-01-15T21:03:20.082-0800 [Timer-119] Driver picked up order: Order: [name: Pastrami Sandwich, temp: hot, shelfLife: 190.0, decayRate: 0.8 ]
2020-01-15T21:03:21.072-0800 [Timer-116] Driver picked up order: Order: [name: Cheese, temp: cold, shelfLife: 255.0, decayRate: 0.2 ]
2020-01-15T21:03:21.101-0800 [Timer-142] Driver picked up order: Order: [name: Cheese, temp: cold, shelfLife: 255.0, decayRate: 0.2 ]
2020-01-15T21:03:21.236-0800 [Timer-141] Driver picked up order: Order: [name: Cottage Cheese, temp: cold, shelfLife: 255.0, decayRate: 0.26 ]
2020-01-15T21:03:22.085-0800 [Timer-125] Driver picked up order: Order: [name: Popsicle, temp: frozen, shelfLife: 345.0, decayRate: 0.75 ]
2020-01-15T21:03:22.225-0800 [Timer-115] Driver picked up order: Order: [name: Chicken, temp: hot, shelfLife: 201.0, decayRate: 0.74 ]
2020-01-15T21:03:22.228-0800 [Timer-117] Driver picked up order: Order: [name: Cookie Dough, temp: frozen, shelfLife: 600.0, decayRate: 0.15 ]
2020-01-15T21:03:22.232-0800 [Timer-124] Driver picked up order: Order: [name: Brown Rice, temp: hot, shelfLife: 224.0, decayRate: 0.64 ]
2020-01-15T21:03:23.082-0800 [Timer-122] Driver picked up order: Order: [name: Pasta, temp: hot, shelfLife: 200.0, decayRate: 0.7 ]
2020-01-15T21:03:23.092-0800 [Timer-132] Driver picked up order: Order: [name: Cookie Dough, temp: frozen, shelfLife: 600.0, decayRate: 0.15 ]
2020-01-15T21:03:23.232-0800 [Timer-134] Driver picked up order: Order: [name: Fudge Ice Cream Cake, temp: frozen, shelfLife: 415.0, decayRate: 0.49 ]
2020-01-15T21:03:23.232-0800 [Timer-136] Driver picked up order: Order: [name: Pasta, temp: hot, shelfLife: 200.0, decayRate: 0.7 ]
2020-01-15T21:03:23.234-0800 [Timer-131] Driver picked up order: Order: [name: Icy, temp: frozen, shelfLife: 230.0, decayRate: 0.6 ]
2020-01-15T21:03:23.251-0800 [Timer-143] Driver picked up order: Order: [name: Fresh Bread, temp: hot, shelfLife: 201.0, decayRate: 0.9 ]
2020-01-15T21:03:24.068-0800 [Timer-151] Driver picked up order: Order: [name: Mint Chocolate Ice Cream, temp: frozen, shelfLife: 290.0, decayRate: 0.5 ]
2020-01-15T21:03:24.094-0800 [Timer-135] Driver picked up order: Order: [name: Apples, temp: cold, shelfLife: 244.0, decayRate: 0.23 ]
2020-01-15T21:03:24.236-0800 [Timer-140] Driver picked up order: Order: [name: Pad See Ew, temp: hot, shelfLife: 210.0, decayRate: 0.72 ]
2020-01-15T21:03:25.092-0800 [Timer-129] Driver picked up order: Order: [name: Frosty, temp: frozen, shelfLife: 135.0, decayRate: 0.52 ]
2020-01-15T21:03:26.275-0800 [Timer-150] Driver picked up order: Order: [name: Fresh Bread, temp: hot, shelfLife: 201.0, decayRate: 0.9 ]
2020-01-15T21:03:26.275-0800 [Timer-130] Driver picked up order: Order: [name: Pot Stickers, temp: hot, shelfLife: 204.0, decayRate: 0.73 ]
2020-01-15T21:03:26.275-0800 [Timer-159] Driver picked up order: Order: [name: French Fries, temp: hot, shelfLife: 220.0, decayRate: 0.67 ]
2020-01-15T21:03:27.105-0800 [Timer-145] Driver picked up order: Order: [name: Fish Tacos, temp: hot, shelfLife: 207.0, decayRate: 0.74 ]
2020-01-15T21:03:27.235-0800 [Timer-133] Driver picked up order: Order: [name: Acai Bowl, temp: cold, shelfLife: 249.0, decayRate: 0.3 ]
2020-01-15T21:03:28.068-0800 [Timer-164] Driver picked up order: Order: [name: Pickles, temp: cold, shelfLife: 259.0, decayRate: 0.29 ]
2020-01-15T21:03:28.240-0800 [Timer-146] Driver picked up order: Order: [name: Carne Asada, temp: hot, shelfLife: 222.0, decayRate: 0.71 ]
2020-01-15T21:03:28.249-0800 [Timer-160] Driver picked up order: Order: [name: Vanilla Ice Cream, temp: frozen, shelfLife: 310.0, decayRate: 0.35 ]
2020-01-15T21:03:28.251-0800 [Timer-157] Driver picked up order: Order: [name: Pressed Juice, temp: cold, shelfLife: 250.0, decayRate: 0.2 ]
2020-01-15T21:03:29.068-0800 [Timer-138] Driver picked up order: Order: [name: Vegan Pizza, temp: hot, shelfLife: 200.0, decayRate: 0.7 ]
2020-01-15T21:03:29.101-0800 [Timer-139] Driver picked up order: Order: [name: Yogurt, temp: cold, shelfLife: 400.0, decayRate: 0.67 ]
2020-01-15T21:03:30.113-0800 [Timer-148] Driver picked up order: Order: [name: Snow Cone, temp: frozen, shelfLife: 50.0, decayRate: 0.86 ]
2020-01-15T21:03:30.122-0800 [Timer-161] Driver picked up order: Order: [name: Frosty, temp: frozen, shelfLife: 135.0, decayRate: 0.52 ]
2020-01-15T21:03:30.252-0800 [Timer-154] Driver picked up order: Order: [name: Mint Chocolate Ice Cream, temp: frozen, shelfLife: 290.0, decayRate: 0.5 ]
2020-01-15T21:03:30.252-0800 [Timer-156] Driver picked up order: Order: [name: MeatLoaf, temp: hot, shelfLife: 213.0, decayRate: 0.5 ]
2020-01-15T21:03:30.256-0800 [Timer-144] Driver picked up order: Order: [name: Pot Stickers, temp: hot, shelfLife: 204.0, decayRate: 0.73 ]
2020-01-15T21:03:31.118-0800 [Timer-158] Driver picked up order: Order: [name: Chunky Monkey, temp: frozen, shelfLife: 210.0, decayRate: 0.54 ]
2020-01-15T21:03:31.126-0800 [Timer-168] Driver picked up order: Order: [name: Icy, temp: frozen, shelfLife: 230.0, decayRate: 0.6 ]
2020-01-15T21:03:31.239-0800 [Timer-147] Driver picked up order: Order: [name: Spinach Omelet, temp: hot, shelfLife: 230.0, decayRate: 0.63 ]
2020-01-15T21:03:31.252-0800 [Timer-163] Driver picked up order: Order: [name: Pistachio Ice Cream, temp: frozen, shelfLife: 175.0, decayRate: 0.4 ]
2020-01-15T21:03:31.261-0800 [Timer-173] Driver picked up order: Order: [name: Cheese Pizza, temp: hot, shelfLife: 200.0, decayRate: 0.76 ]
2020-01-15T21:03:31.281-0800 [Timer-166] Driver picked up order: Order: [name: Acai Bowl, temp: cold, shelfLife: 249.0, decayRate: 0.3 ]
2020-01-15T21:03:32.250-0800 [Timer-149] Driver picked up order: Order: [name: Orange Chicken, temp: hot, shelfLife: 215.0, decayRate: 0.67 ]
2020-01-15T21:03:33.114-0800 [Timer-152] Driver picked up order: Order: [name: Pickles, temp: cold, shelfLife: 259.0, decayRate: 0.29 ]
2020-01-15T21:03:33.246-0800 [Timer-153] Driver picked up order: Order: [name: Fresh Bread, temp: hot, shelfLife: 201.0, decayRate: 0.9 ]
2020-01-15T21:03:33.252-0800 [Timer-169] Driver picked up order: Order: [name: Chicken, temp: hot, shelfLife: 201.0, decayRate: 0.74 ]
2020-01-15T21:03:34.117-0800 [Timer-155] Driver picked up order: Order: [name: Milk, temp: cold, shelfLife: 252.0, decayRate: 0.15 ]
2020-01-15T21:03:34.128-0800 [Timer-171] Driver picked up order: Order: [name: Grilled Corn Salad, temp: cold, shelfLife: 305.0, decayRate: 0.1 ]
2020-01-15T21:03:35.128-0800 [Timer-165] Driver picked up order: Order: [name: Cheese Pizza, temp: hot, shelfLife: 200.0, decayRate: 0.76 ]
2020-01-15T21:03:36.252-0800 [Timer-162] Driver picked up order: Order: [name: Pistachio Ice Cream, temp: frozen, shelfLife: 175.0, decayRate: 0.4 ]
2020-01-15T21:03:36.281-0800 [Timer-167] Driver picked up order: Order: [name: Strawberyy Banana Split, temp: frozen, shelfLife: 24.0, decayRate: 0.6 ]
2020-01-15T21:03:37.257-0800 [Timer-172] Driver picked up order: Order: [name: Pressed Juice, temp: cold, shelfLife: 250.0, decayRate: 0.2 ]
2020-01-15T21:03:39.252-0800 [Timer-170] Driver picked up order: Order: [name: Cookie Dough, temp: frozen, shelfLife: 600.0, decayRate: 0.15 ]
